INFO  time: initialize in 1.02s
WARN  no build tool detected in workspace 'C:\Users\admin\Documents\PYTHON\InterviewPrep'. The most common cause for this problem is that the editor was opened in the wrong working directory, for example if you use sbt then the workspace directory should contain build.sbt. 
WARN  no build target: C:\Users\admin\Documents\PYTHON\InterviewPrep\t.sc
WARN  no build target: C:\Users\admin\Documents\PYTHON\InterviewPrep\t.sc
WARN  no build target: C:\Users\admin\Downloads\FinalSubmission.sc
WARN  no build target: C:\Users\admin\Downloads\LittleLisp.scala
WARN  no build target: C:\Users\admin\Downloads\FinalSubmission (1).sc
WARN  no build target: C:\Users\admin\Downloads\FinalSubmission (2).sc
WARN  no build target: C:\Users\admin\Downloads\FinalSubmission (3).sc
WARN  no build target: C:\Users\admin\Downloads\LittleLisp (1).scala
INFO  no build target: using presentation compiler with only scala-library
WARN  no build target: C:\Users\admin\Downloads\FinalSubmission (4).sc
WARN  no build target: C:\Users\admin\Downloads\LittleLisp (2).scala
something's wrong: no file:///c%3A/Users/admin/Downloads/LittleLisp%20%281%29.scala in List[Expression]RangePosition(file:///c%3A/Users/admin/Downloads/LittleLisp%20%281%29.scala, 791, 791, 807)
WARN  no build target: C:\Users\admin\Downloads\FinalSubmission (9).sc
Dec 19, 2019 10:25:31 PM org.eclipse.lsp4j.jsonrpc.services.GenericEndpoint notify
INFO: Unsupported notification method: $/setTraceNotification
Dec 19, 2019 10:25:32 PM org.eclipse.lsp4j.jsonrpc.services.GenericEndpoint notify
INFO: Unsupported notification method: $/setTraceNotification
Dec 19, 2019 10:25:33 PM org.eclipse.lsp4j.jsonrpc.services.GenericEndpoint notify
INFO: Unsupported notification method: $/setTraceNotification
Dec 19, 2019 10:25:33 PM org.eclipse.lsp4j.jsonrpc.services.GenericEndpoint notify
INFO: Unsupported notification method: $/setTraceNotification
Dec 19, 2019 10:25:34 PM org.eclipse.lsp4j.jsonrpc.services.GenericEndpoint notify
INFO: Unsupported notification method: $/setTraceNotification
Dec 19, 2019 10:25:37 PM org.eclipse.lsp4j.jsonrpc.services.GenericEndpoint notify
INFO: Unsupported notification method: $/setTraceNotification
Dec 19, 2019 10:26:00 PM org.eclipse.lsp4j.jsonrpc.services.GenericEndpoint notify
INFO: Unsupported notification method: $/setTraceNotification
Dec 19, 2019 10:26:01 PM org.eclipse.lsp4j.jsonrpc.services.GenericEndpoint notify
INFO: Unsupported notification method: $/setTraceNotification
Dec 19, 2019 10:26:01 PM org.eclipse.lsp4j.jsonrpc.services.GenericEndpoint notify
INFO: Unsupported notification method: $/setTraceNotification
Dec 19, 2019 10:26:01 PM org.eclipse.lsp4j.jsonrpc.services.GenericEndpoint notify
INFO: Unsupported notification method: $/setTraceNotification
Dec 19, 2019 10:26:04 PM org.eclipse.lsp4j.jsonrpc.services.GenericEndpoint notify
INFO: Unsupported notification method: $/setTraceNotification
Dec 19, 2019 10:26:05 PM org.eclipse.lsp4j.jsonrpc.services.GenericEndpoint notify
INFO: Unsupported notification method: $/setTraceNotification
WARN  no build target: C:\Users\admin\Downloads\FinalSubmission (10).sc
INFO  shutting down Metals
INFO  started: Metals version 0.8.0 in workspace 'C:\Users\admin\Documents\PYTHON\InterviewPrep'
INFO  time: initialize in 1.13s
WARN  resetting database: C:\Users\admin\Documents\PYTHON\InterviewPrep\.metals\metals.h2.db
WARN  no build tool detected in workspace 'C:\Users\admin\Documents\PYTHON\InterviewPrep'. The most common cause for this problem is that the editor was opened in the wrong working directory, for example if you use sbt then the workspace directory should contain build.sbt. 
INFO  shutting down Metals
INFO  started: Metals version 0.8.0 in workspace 'C:\Users\admin\Documents\PYTHON\InterviewPrep'
INFO  time: initialize in 1.36s
WARN  no build tool detected in workspace 'C:\Users\admin\Documents\PYTHON\InterviewPrep'. The most common cause for this problem is that the editor was opened in the wrong working directory, for example if you use sbt then the workspace directory should contain build.sbt. 
WARN  no build target for: C:\Users\admin\Downloads\LittleLisp (4).scala
INFO  no build target: using presentation compiler with only scala-library
Jan 23, 2020 3:29:02 PM org.eclipse.lsp4j.jsonrpc.RemoteEndpoint handleCancellation
WARNING: Unmatched cancel notification for request id 35
INFO  started: Metals version 0.8.0 in workspace 'C:\Users\admin\Documents\PYTHON\InterviewPrep'
INFO  time: initialize in 1.22s
WARN  no build tool detected in workspace 'C:\Users\admin\Documents\PYTHON\InterviewPrep'. The most common cause for this problem is that the editor was opened in the wrong working directory, for example if you use sbt then the workspace directory should contain build.sbt. 
INFO  shutting down Metals
